app/build/intermediates/manifest_merge_blame_file/release/manifest-merger-blame-release-report.txt
1<?xml version="1.0" encoding="utf-8"?>
2<manifest xmlns:android="http://schemas.android.com/apk/res/android"
3    package="com.ton.smsbotv2"
4    android:versionCode="1"
5    android:versionName="1.0" >
6
7    <uses-sdk
8        android:minSdkVersion="23"
8-->src/main/AndroidManifest.xml
9        android:targetSdkVersion="29" />
9-->src/main/AndroidManifest.xml
10
11    <uses-permission android:name="android.permission.READ_SMS" />
11-->src/main/AndroidManifest.xml:5:5-67
11-->src/main/AndroidManifest.xml:5:22-64
12    <uses-permission android:name="android.permission.RECEIVE_SMS" />
12-->src/main/AndroidManifest.xml:6:5-70
12-->src/main/AndroidManifest.xml:6:22-67
13    <uses-permission android:name="android.permission.INTERNET" />
13-->src/main/AndroidManifest.xml:7:5-67
13-->src/main/AndroidManifest.xml:7:22-64
14
15    <application
15-->src/main/AndroidManifest.xml:9:5-29:19
16        android:allowBackup="true"
16-->src/main/AndroidManifest.xml:10:9-35
17        android:appComponentFactory="androidx.core.app.CoreComponentFactory"
17-->[androidx.core:core:1.1.0] AndroidManifest.xml:24:18-86
18        android:extractNativeLibs="false"
19        android:icon="@mipmap/ic_launcher"
19-->src/main/AndroidManifest.xml:11:9-43
20        android:label="@string/app_name"
20-->src/main/AndroidManifest.xml:12:9-41
21        android:roundIcon="@mipmap/ic_launcher_round"
21-->src/main/AndroidManifest.xml:13:9-54
22        android:supportsRtl="true"
22-->src/main/AndroidManifest.xml:14:9-35
23        android:theme="@style/Theme.Sms" >
23-->src/main/AndroidManifest.xml:15:9-41
24        <activity android:name="com.ton.smsbotv2.MainActivity" >
24-->src/main/AndroidManifest.xml:16:9-22:20
24-->src/main/AndroidManifest.xml:16:19-63
25            <intent-filter>
25-->src/main/AndroidManifest.xml:17:13-21:29
26                <action android:name="android.intent.action.MAIN" />
26-->src/main/AndroidManifest.xml:18:17-69
26-->src/main/AndroidManifest.xml:18:25-66
27
28                <category android:name="android.intent.category.LAUNCHER" />
28-->src/main/AndroidManifest.xml:20:17-77
28-->src/main/AndroidManifest.xml:20:27-74
29            </intent-filter>
30        </activity>
31
32        <receiver android:name="com.ton.smsbotv2.MessageReceiver" >
32-->src/main/AndroidManifest.xml:24:9-28:20
32-->src/main/AndroidManifest.xml:24:19-66
33            <intent-filter>
33-->src/main/AndroidManifest.xml:25:13-27:29
34                <action android:name="android.provider.Telephony.SMS_RECEIVED" />
34-->src/main/AndroidManifest.xml:26:17-82
34-->src/main/AndroidManifest.xml:26:25-79
35            </intent-filter>
36        </receiver>
37    </application>
38
39</manifest>